/zhome/51/4/167677/.lsbatch/1686726802.16857682.shell: line 2: from: command not found
import: unable to open X server `' @ error/import.c/ImportImageCommand/347.
import: unable to open X server `' @ error/import.c/ImportImageCommand/347.
import: unable to open X server `' @ error/import.c/ImportImageCommand/347.
import: unable to open X server `' @ error/import.c/ImportImageCommand/347.
/zhome/51/4/167677/.lsbatch/1686726802.16857682.shell: line 7: from: command not found
/zhome/51/4/167677/.lsbatch/1686726802.16857682.shell: line 8: from: command not found
/zhome/51/4/167677/.lsbatch/1686726802.16857682.shell: line 9: from: command not found
import: unable to open X server `' @ error/import.c/ImportImageCommand/347.
/zhome/51/4/167677/.lsbatch/1686726802.16857682.shell: line 13: syntax error near unexpected token `('
/zhome/51/4/167677/.lsbatch/1686726802.16857682.shell: line 13: `index = int(sys.argv[1]) - 1'

------------------------------------------------------------
Sender: LSF System <lsfadmin@hpc.dtu.dk>
Subject: Job 16857682: <NONAME> in cluster <dcc> Exited

Job <NONAME> was submitted from host <gbarlogin2> by user <s214644> in cluster <dcc> at Wed Jun 14 09:13:22 2023
Job was executed on host(s) <n-62-31-22>, in queue <hpc>, as user <s214644> in cluster <dcc> at Wed Jun 14 09:13:23 2023
</zhome/51/4/167677> was used as the home directory.
</zhome/51/4/167677/Desktop/batch_jobs/BSUBS> was used as the working directory.
Started at Wed Jun 14 09:13:23 2023
Terminated at Wed Jun 14 09:13:24 2023
Results reported at Wed Jun 14 09:13:24 2023

Your job looked like:

------------------------------------------------------------
# LSBATCH: User input

from final_vae import VAE, plot_ELBO, plot_1_reconstruction
import torch
import numpy as np
import os
import matplotlib.pyplot as plt
from torch.utils.data import DataLoader
from torchvision import transforms
from tqdm import tqdm
import sys


index = int(sys.argv[1]) - 1

latent_dims = [150, 200, 250, 300, 350]

latent_dim = latent_dims[index] 

print("latent_dim:", latent_dim)

device = torch.device("cuda" if torch.cuda.is_available() else "cpu")

epochs = 100
batch_size = 100

input_dim = 68
channels = 3

train_size = 100000
test_size = 10000

#latent_dim = 10
#epochs, batch_size, train_size = 2, 10, 10

torch.backends.cudnn.deterministic = True
torch.manual_seed(42)
torch.cuda.manual_seed(42)
np.random.seed(42)

from dataloader import BBBC

main_path = "/zhome/70/5/14854/nobackup/deeplearningf22/bbbc021/singlecell/"
#main_path = "/Users/nikolaj/Fagprojekt/Data/"


exclude_dmso = False
shuffle = True

subset = (train_size, test_size)


(... more ...)
------------------------------------------------------------

Exited with exit code 2.

Resource usage summary:

    CPU time :                                   0.49 sec.
    Max Memory :                                 -
    Average Memory :                             -
    Total Requested Memory :                     1024.00 MB
    Delta Memory :                               -
    Max Swap :                                   -
    Max Processes :                              -
    Max Threads :                                -
    Run time :                                   1 sec.
    Turnaround time :                            2 sec.

The output (if any) is above this job summary.

